<?xml version="1.0" encoding="UTF-8"?>
<testng-results ignored="0" total="1" passed="1" failed="0" skipped="0">
  <reporter-output>
  </reporter-output>
  <suite started-at="2023-03-01T02:14:13 IST" name="First" finished-at="2023-03-01T02:20:16 IST" duration-ms="362906">
    <groups>
    </groups>
    <test started-at="2023-03-01T02:14:13 IST" name="FirstTest" finished-at="2023-03-01T02:20:16 IST" duration-ms="362906">
      <class name="com.browserstack.ProdTest">
        <test-method is-config="true" signature="setUp(java.lang.String,java.lang.String)[pri:0, instance:com.browserstack.ProdTest@3e3047e6]" started-at="2023-03-01T02:14:13 IST" name="setUp" finished-at="2023-03-01T02:14:45 IST" duration-ms="32626" status="PASS">
          <params>
            <param index="0">
              <value>
                <![CDATA[run_first_test/first.conf.json]]>
              </value>
            </param>
            <param index="1">
              <value>
                <![CDATA[0]]>
              </value>
            </param>
          </params>
          <reporter-output>
          </reporter-output>
        </test-method> <!-- setUp -->
        <test-method signature="test()[pri:0, instance:com.browserstack.ProdTest@3e3047e6]" started-at="2023-03-01T02:14:45 IST" name="test" finished-at="2023-03-01T02:20:14 IST" duration-ms="328595" status="PASS">
          <reporter-output>
          </reporter-output>
        </test-method> <!-- test -->
        <test-method is-config="true" signature="tearDown()[pri:0, instance:com.browserstack.ProdTest@3e3047e6]" started-at="2023-03-01T02:20:14 IST" name="tearDown" finished-at="2023-03-01T02:20:16 IST" duration-ms="1643" status="PASS">
          <reporter-output>
          </reporter-output>
        </test-method> <!-- tearDown -->
      </class> <!-- com.browserstack.ProdTest -->
    </test> <!-- FirstTest -->
  </suite> <!-- First -->
</testng-results>
